02:20:53.595 [AWT-EventQueue-0] INFO  c.b.sdk.actions.EnableBrowserStack - Setting enable browserstack run update
02:20:53.604 [AWT-EventQueue-0] INFO  c.b.sdk.actions.DisableBrowserStack - Setting disable browserstack run update
02:20:59.300 [AWT-EventQueue-0] INFO  c.b.sdk.actions.EnableBrowserStack - Setting enable browserstack run update
02:20:59.303 [AWT-EventQueue-0] INFO  c.b.sdk.actions.DisableBrowserStack - Setting disable browserstack run update
02:21:28.215 [AWT-EventQueue-0] INFO  c.b.sdk.actions.DisableBrowserStack - Setting disable browserstack run update
02:21:28.220 [AWT-EventQueue-0] INFO  c.b.sdk.actions.EnableBrowserStack - Setting enable browserstack run update
02:21:40.591 [AWT-EventQueue-0] INFO  c.b.sdk.actions.DisableBrowserStack - Setting disable browserstack run update
02:21:40.597 [AWT-EventQueue-0] INFO  c.b.sdk.actions.EnableBrowserStack - Setting enable browserstack run update
02:21:42.126 [AWT-EventQueue-0] INFO  c.b.sdk.actions.DisableBrowserStack - Setting disable browserstack run update
02:21:42.133 [AWT-EventQueue-0] INFO  c.b.sdk.actions.EnableBrowserStack - Setting enable browserstack run update
02:24:47.987 [AWT-EventQueue-0] INFO  c.b.sdk.launchers.LaunchMavenCommand - Integrate source: java:intellij:2.0.5-IU
02:24:47.988 [AWT-EventQueue-0] INFO  c.b.sdk.launchers.LaunchMavenCommand - Executing maven archetype command - browserstack-sdk-archetype-integrate
02:24:56.834 [sh] INFO  c.b.sdk.launchers.LaunchMavenCommand - Completed maven archetype command
02:25:55.139 [ApplicationImpl pooled thread 3939] INFO  c.b.s.l.BrowserStackRunExtension - testng
02:25:55.139 [ApplicationImpl pooled thread 3939] INFO  com.browserstack.sdk.utils.Helpers - true
02:25:55.140 [ApplicationImpl pooled thread 3939] INFO  com.browserstack.sdk.utils.Helpers - /Users/h3ydhruv/.m2/repository/com/browserstack/browserstack-java-sdk/1.59.1/browserstack-java-sdk-1.59.1.jar
02:25:55.141 [ApplicationImpl pooled thread 3939] INFO  c.b.s.l.BrowserStackRunExtension - Agent path: /Users/h3ydhruv/.m2/repository/com/browserstack/browserstack-java-sdk/1.59.1/browserstack-java-sdk-1.59.1.jar
02:25:55.141 [ApplicationImpl pooled thread 3939] INFO  c.b.s.l.BrowserStackRunExtension - Adding Browserstack SDK javaagent argline
02:25:55.141 [ApplicationImpl pooled thread 3939] INFO  c.b.s.l.BrowserStackRunExtension - Plugin version: 2.0.5-IU
02:35:45.547 [ApplicationImpl pooled thread 3944] INFO  c.b.s.l.BrowserStackRunExtension - testng
02:35:45.547 [ApplicationImpl pooled thread 3944] INFO  com.browserstack.sdk.utils.Helpers - true
02:35:45.548 [ApplicationImpl pooled thread 3944] INFO  com.browserstack.sdk.utils.Helpers - /Users/h3ydhruv/.m2/repository/com/browserstack/browserstack-java-sdk/1.59.1/browserstack-java-sdk-1.59.1.jar
02:35:45.548 [ApplicationImpl pooled thread 3944] INFO  c.b.s.l.BrowserStackRunExtension - Agent path: /Users/h3ydhruv/.m2/repository/com/browserstack/browserstack-java-sdk/1.59.1/browserstack-java-sdk-1.59.1.jar
02:35:45.548 [ApplicationImpl pooled thread 3944] INFO  c.b.s.l.BrowserStackRunExtension - Adding Browserstack SDK javaagent argline
02:35:45.548 [ApplicationImpl pooled thread 3944] INFO  c.b.s.l.BrowserStackRunExtension - Plugin version: 2.0.5-IU
02:48:17.240 [ApplicationImpl pooled thread 3950] INFO  c.b.s.l.BrowserStackRunExtension - testng
02:48:17.241 [ApplicationImpl pooled thread 3950] INFO  com.browserstack.sdk.utils.Helpers - true
02:48:17.241 [ApplicationImpl pooled thread 3950] INFO  com.browserstack.sdk.utils.Helpers - /Users/h3ydhruv/.m2/repository/com/browserstack/browserstack-java-sdk/1.59.1/browserstack-java-sdk-1.59.1.jar
02:48:17.241 [ApplicationImpl pooled thread 3950] INFO  c.b.s.l.BrowserStackRunExtension - Agent path: /Users/h3ydhruv/.m2/repository/com/browserstack/browserstack-java-sdk/1.59.1/browserstack-java-sdk-1.59.1.jar
02:48:17.241 [ApplicationImpl pooled thread 3950] INFO  c.b.s.l.BrowserStackRunExtension - Adding Browserstack SDK javaagent argline
02:48:17.241 [ApplicationImpl pooled thread 3950] INFO  c.b.s.l.BrowserStackRunExtension - Plugin version: 2.0.5-IU
03:10:45.410 [ApplicationImpl pooled thread 3958] INFO  c.b.s.l.BrowserStackRunExtension - testng
03:10:45.411 [ApplicationImpl pooled thread 3958] INFO  com.browserstack.sdk.utils.Helpers - true
03:10:45.411 [ApplicationImpl pooled thread 3958] INFO  com.browserstack.sdk.utils.Helpers - /Users/h3ydhruv/.m2/repository/com/browserstack/browserstack-java-sdk/1.59.1/browserstack-java-sdk-1.59.1.jar
03:10:45.411 [ApplicationImpl pooled thread 3958] INFO  c.b.s.l.BrowserStackRunExtension - Agent path: /Users/h3ydhruv/.m2/repository/com/browserstack/browserstack-java-sdk/1.59.1/browserstack-java-sdk-1.59.1.jar
03:10:45.411 [ApplicationImpl pooled thread 3958] INFO  c.b.s.l.BrowserStackRunExtension - Adding Browserstack SDK javaagent argline
03:10:45.411 [ApplicationImpl pooled thread 3958] INFO  c.b.s.l.BrowserStackRunExtension - Plugin version: 2.0.5-IU
03:11:21.589 [ApplicationImpl pooled thread 3964] INFO  c.b.s.l.BrowserStackRunExtension - testng
03:11:21.589 [ApplicationImpl pooled thread 3964] INFO  com.browserstack.sdk.utils.Helpers - true
03:11:21.589 [ApplicationImpl pooled thread 3964] INFO  com.browserstack.sdk.utils.Helpers - /Users/h3ydhruv/.m2/repository/com/browserstack/browserstack-java-sdk/1.59.1/browserstack-java-sdk-1.59.1.jar
03:11:21.589 [ApplicationImpl pooled thread 3964] INFO  c.b.s.l.BrowserStackRunExtension - Agent path: /Users/h3ydhruv/.m2/repository/com/browserstack/browserstack-java-sdk/1.59.1/browserstack-java-sdk-1.59.1.jar
03:11:21.589 [ApplicationImpl pooled thread 3964] INFO  c.b.s.l.BrowserStackRunExtension - Adding Browserstack SDK javaagent argline
03:11:21.589 [ApplicationImpl pooled thread 3964] INFO  c.b.s.l.BrowserStackRunExtension - Plugin version: 2.0.5-IU
03:14:21.129 [ApplicationImpl pooled thread 3964] INFO  c.b.s.l.BrowserStackRunExtension - testng
03:14:21.129 [ApplicationImpl pooled thread 3964] INFO  com.browserstack.sdk.utils.Helpers - true
03:14:21.130 [ApplicationImpl pooled thread 3964] INFO  com.browserstack.sdk.utils.Helpers - /Users/h3ydhruv/.m2/repository/com/browserstack/browserstack-java-sdk/1.59.1/browserstack-java-sdk-1.59.1.jar
03:14:21.130 [ApplicationImpl pooled thread 3964] INFO  c.b.s.l.BrowserStackRunExtension - Agent path: /Users/h3ydhruv/.m2/repository/com/browserstack/browserstack-java-sdk/1.59.1/browserstack-java-sdk-1.59.1.jar
03:14:21.130 [ApplicationImpl pooled thread 3964] INFO  c.b.s.l.BrowserStackRunExtension - Adding Browserstack SDK javaagent argline
03:14:21.130 [ApplicationImpl pooled thread 3964] INFO  c.b.s.l.BrowserStackRunExtension - Plugin version: 2.0.5-IU
03:26:09.197 [ApplicationImpl pooled thread 3967] INFO  c.b.s.l.BrowserStackRunExtension - testng
03:26:09.197 [ApplicationImpl pooled thread 3967] INFO  com.browserstack.sdk.utils.Helpers - true
03:26:09.198 [ApplicationImpl pooled thread 3967] INFO  com.browserstack.sdk.utils.Helpers - /Users/h3ydhruv/.m2/repository/com/browserstack/browserstack-java-sdk/1.59.1/browserstack-java-sdk-1.59.1.jar
03:26:09.198 [ApplicationImpl pooled thread 3967] INFO  c.b.s.l.BrowserStackRunExtension - Agent path: /Users/h3ydhruv/.m2/repository/com/browserstack/browserstack-java-sdk/1.59.1/browserstack-java-sdk-1.59.1.jar
03:26:09.198 [ApplicationImpl pooled thread 3967] INFO  c.b.s.l.BrowserStackRunExtension - Adding Browserstack SDK javaagent argline
03:26:09.198 [ApplicationImpl pooled thread 3967] INFO  c.b.s.l.BrowserStackRunExtension - Plugin version: 2.0.5-IU
03:27:56.223 [ApplicationImpl pooled thread 3974] INFO  c.b.s.l.BrowserStackRunExtension - testng
03:27:56.224 [ApplicationImpl pooled thread 3974] INFO  com.browserstack.sdk.utils.Helpers - true
03:27:56.224 [ApplicationImpl pooled thread 3974] INFO  com.browserstack.sdk.utils.Helpers - /Users/h3ydhruv/.m2/repository/com/browserstack/browserstack-java-sdk/1.59.1/browserstack-java-sdk-1.59.1.jar
03:27:56.224 [ApplicationImpl pooled thread 3974] INFO  c.b.s.l.BrowserStackRunExtension - Agent path: /Users/h3ydhruv/.m2/repository/com/browserstack/browserstack-java-sdk/1.59.1/browserstack-java-sdk-1.59.1.jar
03:27:56.224 [ApplicationImpl pooled thread 3974] INFO  c.b.s.l.BrowserStackRunExtension - Adding Browserstack SDK javaagent argline
03:27:56.224 [ApplicationImpl pooled thread 3974] INFO  c.b.s.l.BrowserStackRunExtension - Plugin version: 2.0.5-IU
03:32:00.944 [ApplicationImpl pooled thread 3975] INFO  c.b.s.l.BrowserStackRunExtension - testng
03:32:00.944 [ApplicationImpl pooled thread 3975] INFO  com.browserstack.sdk.utils.Helpers - true
03:32:00.945 [ApplicationImpl pooled thread 3975] INFO  com.browserstack.sdk.utils.Helpers - /Users/h3ydhruv/.m2/repository/com/browserstack/browserstack-java-sdk/1.59.1/browserstack-java-sdk-1.59.1.jar
03:32:00.945 [ApplicationImpl pooled thread 3975] INFO  c.b.s.l.BrowserStackRunExtension - Agent path: /Users/h3ydhruv/.m2/repository/com/browserstack/browserstack-java-sdk/1.59.1/browserstack-java-sdk-1.59.1.jar
03:32:00.945 [ApplicationImpl pooled thread 3975] INFO  c.b.s.l.BrowserStackRunExtension - Adding Browserstack SDK javaagent argline
03:32:00.945 [ApplicationImpl pooled thread 3975] INFO  c.b.s.l.BrowserStackRunExtension - Plugin version: 2.0.5-IU
03:33:59.326 [ApplicationImpl pooled thread 3977] INFO  c.b.s.l.BrowserStackRunExtension - testng
03:33:59.326 [ApplicationImpl pooled thread 3977] INFO  com.browserstack.sdk.utils.Helpers - true
03:33:59.327 [ApplicationImpl pooled thread 3977] INFO  com.browserstack.sdk.utils.Helpers - /Users/h3ydhruv/.m2/repository/com/browserstack/browserstack-java-sdk/1.59.1/browserstack-java-sdk-1.59.1.jar
03:33:59.327 [ApplicationImpl pooled thread 3977] INFO  c.b.s.l.BrowserStackRunExtension - Agent path: /Users/h3ydhruv/.m2/repository/com/browserstack/browserstack-java-sdk/1.59.1/browserstack-java-sdk-1.59.1.jar
03:33:59.327 [ApplicationImpl pooled thread 3977] INFO  c.b.s.l.BrowserStackRunExtension - Adding Browserstack SDK javaagent argline
03:33:59.327 [ApplicationImpl pooled thread 3977] INFO  c.b.s.l.BrowserStackRunExtension - Plugin version: 2.0.5-IU
03:38:57.658 [ApplicationImpl pooled thread 3976] INFO  c.b.s.l.BrowserStackRunExtension - testng
03:38:57.658 [ApplicationImpl pooled thread 3976] INFO  com.browserstack.sdk.utils.Helpers - true
03:38:57.659 [ApplicationImpl pooled thread 3976] INFO  com.browserstack.sdk.utils.Helpers - /Users/h3ydhruv/.m2/repository/com/browserstack/browserstack-java-sdk/1.59.1/browserstack-java-sdk-1.59.1.jar
03:38:57.659 [ApplicationImpl pooled thread 3976] INFO  c.b.s.l.BrowserStackRunExtension - Agent path: /Users/h3ydhruv/.m2/repository/com/browserstack/browserstack-java-sdk/1.59.1/browserstack-java-sdk-1.59.1.jar
03:38:57.659 [ApplicationImpl pooled thread 3976] INFO  c.b.s.l.BrowserStackRunExtension - Adding Browserstack SDK javaagent argline
03:38:57.659 [ApplicationImpl pooled thread 3976] INFO  c.b.s.l.BrowserStackRunExtension - Plugin version: 2.0.5-IU
03:41:39.784 [ApplicationImpl pooled thread 3980] INFO  c.b.s.l.BrowserStackRunExtension - testng
03:41:39.785 [ApplicationImpl pooled thread 3980] INFO  com.browserstack.sdk.utils.Helpers - true
03:41:39.785 [ApplicationImpl pooled thread 3980] INFO  c.b.s.l.BrowserStackRunExtension - Agent path: null
03:42:55.459 [ApplicationImpl pooled thread 3985] INFO  c.b.s.l.BrowserStackRunExtension - testng
03:42:55.459 [ApplicationImpl pooled thread 3985] INFO  com.browserstack.sdk.utils.Helpers - true
03:42:55.460 [ApplicationImpl pooled thread 3985] INFO  c.b.s.l.BrowserStackRunExtension - Agent path: null
03:43:35.924 [ApplicationImpl pooled thread 3985] INFO  c.b.s.l.BrowserStackRunExtension - testng
03:43:35.924 [ApplicationImpl pooled thread 3985] INFO  com.browserstack.sdk.utils.Helpers - true
03:43:35.925 [ApplicationImpl pooled thread 3985] INFO  c.b.s.l.BrowserStackRunExtension - Agent path: null
03:44:03.769 [ApplicationImpl pooled thread 3976] INFO  c.b.s.l.BrowserStackRunExtension - testng
03:44:03.770 [ApplicationImpl pooled thread 3976] INFO  com.browserstack.sdk.utils.Helpers - true
03:44:03.770 [ApplicationImpl pooled thread 3976] INFO  c.b.s.l.BrowserStackRunExtension - Agent path: null
03:46:28.898 [ApplicationImpl pooled thread 3979] INFO  c.b.s.l.BrowserStackRunExtension - testng
03:46:28.898 [ApplicationImpl pooled thread 3979] INFO  com.browserstack.sdk.utils.Helpers - true
03:46:28.898 [ApplicationImpl pooled thread 3979] INFO  com.browserstack.sdk.utils.Helpers - /Users/h3ydhruv/.m2/repository/com/browserstack/browserstack-java-sdk/1.59.1/browserstack-java-sdk-1.59.1.jar
03:46:28.898 [ApplicationImpl pooled thread 3979] INFO  c.b.s.l.BrowserStackRunExtension - Agent path: /Users/h3ydhruv/.m2/repository/com/browserstack/browserstack-java-sdk/1.59.1/browserstack-java-sdk-1.59.1.jar
03:46:28.898 [ApplicationImpl pooled thread 3979] INFO  c.b.s.l.BrowserStackRunExtension - Adding Browserstack SDK javaagent argline
03:46:28.898 [ApplicationImpl pooled thread 3979] INFO  c.b.s.l.BrowserStackRunExtension - Plugin version: 2.0.5-IU
03:47:05.830 [ApplicationImpl pooled thread 3976] INFO  c.b.s.l.BrowserStackRunExtension - testng
03:47:05.830 [ApplicationImpl pooled thread 3976] INFO  com.browserstack.sdk.utils.Helpers - true
03:47:05.831 [ApplicationImpl pooled thread 3976] INFO  com.browserstack.sdk.utils.Helpers - /Users/h3ydhruv/.m2/repository/com/browserstack/browserstack-java-sdk/1.59.1/browserstack-java-sdk-1.59.1.jar
03:47:05.831 [ApplicationImpl pooled thread 3976] INFO  c.b.s.l.BrowserStackRunExtension - Agent path: /Users/h3ydhruv/.m2/repository/com/browserstack/browserstack-java-sdk/1.59.1/browserstack-java-sdk-1.59.1.jar
03:47:05.831 [ApplicationImpl pooled thread 3976] INFO  c.b.s.l.BrowserStackRunExtension - Adding Browserstack SDK javaagent argline
03:47:05.831 [ApplicationImpl pooled thread 3976] INFO  c.b.s.l.BrowserStackRunExtension - Plugin version: 2.0.5-IU
03:48:08.026 [ApplicationImpl pooled thread 3989] INFO  c.b.s.l.BrowserStackRunExtension - testng
03:48:08.026 [ApplicationImpl pooled thread 3989] INFO  com.browserstack.sdk.utils.Helpers - true
03:48:08.027 [ApplicationImpl pooled thread 3989] INFO  c.b.s.l.BrowserStackRunExtension - Agent path: null
03:49:15.159 [ApplicationImpl pooled thread 3982] INFO  c.b.s.l.BrowserStackRunExtension - testng
03:49:15.159 [ApplicationImpl pooled thread 3982] INFO  com.browserstack.sdk.utils.Helpers - true
03:49:15.160 [ApplicationImpl pooled thread 3982] INFO  c.b.s.l.BrowserStackRunExtension - Agent path: null
03:56:00.821 [ApplicationImpl pooled thread 3984] INFO  c.b.s.l.BrowserStackRunExtension - testng
03:56:00.821 [ApplicationImpl pooled thread 3984] INFO  com.browserstack.sdk.utils.Helpers - true
03:56:00.821 [ApplicationImpl pooled thread 3984] INFO  c.b.s.l.BrowserStackRunExtension - Agent path: null
03:56:24.793 [ApplicationImpl pooled thread 3979] INFO  c.b.s.l.BrowserStackRunExtension - testng
03:56:24.793 [ApplicationImpl pooled thread 3979] INFO  com.browserstack.sdk.utils.Helpers - true
03:56:24.793 [ApplicationImpl pooled thread 3979] INFO  com.browserstack.sdk.utils.Helpers - /Users/h3ydhruv/.m2/repository/com/browserstack/browserstack-java-sdk/1.59.1/browserstack-java-sdk-1.59.1.jar
03:56:24.793 [ApplicationImpl pooled thread 3979] INFO  c.b.s.l.BrowserStackRunExtension - Agent path: /Users/h3ydhruv/.m2/repository/com/browserstack/browserstack-java-sdk/1.59.1/browserstack-java-sdk-1.59.1.jar
03:56:24.793 [ApplicationImpl pooled thread 3979] INFO  c.b.s.l.BrowserStackRunExtension - Adding Browserstack SDK javaagent argline
03:56:24.793 [ApplicationImpl pooled thread 3979] INFO  c.b.s.l.BrowserStackRunExtension - Plugin version: 2.0.5-IU
03:57:25.543 [AWT-EventQueue-0] INFO  c.b.sdk.actions.EnableBrowserStack - Setting enable browserstack run update
03:57:25.545 [AWT-EventQueue-0] INFO  c.b.sdk.actions.DisableBrowserStack - Setting disable browserstack run update
04:01:33.888 [ApplicationImpl pooled thread 4002] INFO  c.b.s.l.BrowserStackRunExtension - testng
04:01:33.889 [ApplicationImpl pooled thread 4002] INFO  com.browserstack.sdk.utils.Helpers - true
04:01:33.889 [ApplicationImpl pooled thread 4002] INFO  c.b.s.l.BrowserStackRunExtension - Agent path: null
04:13:12.583 [ApplicationImpl pooled thread 4014] INFO  c.b.s.l.BrowserStackRunExtension - testng
04:13:12.583 [ApplicationImpl pooled thread 4014] INFO  com.browserstack.sdk.utils.Helpers - true
04:13:12.583 [ApplicationImpl pooled thread 4014] INFO  c.b.s.l.BrowserStackRunExtension - Agent path: null
04:19:09.868 [ApplicationImpl pooled thread 4016] INFO  c.b.s.l.BrowserStackRunExtension - testng
04:19:09.869 [ApplicationImpl pooled thread 4016] INFO  com.browserstack.sdk.utils.Helpers - true
04:19:09.869 [ApplicationImpl pooled thread 4016] INFO  c.b.s.l.BrowserStackRunExtension - Agent path: null
04:21:42.890 [ApplicationImpl pooled thread 4017] INFO  c.b.s.l.BrowserStackRunExtension - testng
04:21:42.890 [ApplicationImpl pooled thread 4017] INFO  com.browserstack.sdk.utils.Helpers - true
04:21:42.890 [ApplicationImpl pooled thread 4017] INFO  c.b.s.l.BrowserStackRunExtension - Agent path: null
02:02:56.384 [AWT-EventQueue-0] INFO  c.b.sdk.actions.EnableBrowserStack - Setting enable browserstack run update
02:02:56.388 [AWT-EventQueue-0] INFO  c.b.sdk.actions.DisableBrowserStack - Setting disable browserstack run update
02:06:38.327 [ApplicationImpl pooled thread 4104] INFO  c.b.s.l.BrowserStackRunExtension - testng
02:06:38.328 [ApplicationImpl pooled thread 4104] INFO  com.browserstack.sdk.utils.Helpers - true
02:06:38.328 [ApplicationImpl pooled thread 4104] INFO  c.b.s.l.BrowserStackRunExtension - Agent path: null
02:11:16.589 [ApplicationImpl pooled thread 4107] INFO  c.b.s.l.BrowserStackRunExtension - testng
02:11:16.589 [ApplicationImpl pooled thread 4107] INFO  com.browserstack.sdk.utils.Helpers - true
02:11:16.590 [ApplicationImpl pooled thread 4107] INFO  c.b.s.l.BrowserStackRunExtension - Agent path: null
02:13:40.351 [ApplicationImpl pooled thread 4109] INFO  c.b.s.l.BrowserStackRunExtension - testng
02:13:40.351 [ApplicationImpl pooled thread 4109] INFO  com.browserstack.sdk.utils.Helpers - true
02:13:40.352 [ApplicationImpl pooled thread 4109] INFO  c.b.s.l.BrowserStackRunExtension - Agent path: null
02:14:32.163 [ApplicationImpl pooled thread 4109] INFO  c.b.s.l.BrowserStackRunExtension - testng
02:14:32.163 [ApplicationImpl pooled thread 4109] INFO  com.browserstack.sdk.utils.Helpers - true
02:14:32.163 [ApplicationImpl pooled thread 4109] INFO  c.b.s.l.BrowserStackRunExtension - Agent path: null
02:15:32.673 [ApplicationImpl pooled thread 4110] INFO  c.b.s.l.BrowserStackRunExtension - testng
02:15:32.674 [ApplicationImpl pooled thread 4110] INFO  com.browserstack.sdk.utils.Helpers - true
02:15:32.674 [ApplicationImpl pooled thread 4110] INFO  c.b.s.l.BrowserStackRunExtension - Agent path: null
02:16:24.028 [ApplicationImpl pooled thread 4084] INFO  c.b.s.l.BrowserStackRunExtension - testng
02:16:24.028 [ApplicationImpl pooled thread 4084] INFO  com.browserstack.sdk.utils.Helpers - true
02:16:24.029 [ApplicationImpl pooled thread 4084] INFO  c.b.s.l.BrowserStackRunExtension - Agent path: null
00:18:18.481 [ApplicationImpl pooled thread 4228] INFO  c.b.s.l.BrowserStackRunExtension - testng
00:18:18.482 [ApplicationImpl pooled thread 4228] INFO  com.browserstack.sdk.utils.Helpers - true
00:18:18.483 [ApplicationImpl pooled thread 4228] INFO  c.b.s.l.BrowserStackRunExtension - Agent path: null
00:18:57.349 [ApplicationImpl pooled thread 4226] INFO  c.b.s.l.BrowserStackRunExtension - testng
00:18:57.349 [ApplicationImpl pooled thread 4226] INFO  com.browserstack.sdk.utils.Helpers - true
00:18:57.349 [ApplicationImpl pooled thread 4226] INFO  c.b.s.l.BrowserStackRunExtension - Agent path: null
02:58:36.946 [ApplicationImpl pooled thread 4265] INFO  c.b.s.l.BrowserStackRunExtension - testng
02:58:36.946 [ApplicationImpl pooled thread 4265] INFO  com.browserstack.sdk.utils.Helpers - true
02:58:36.947 [ApplicationImpl pooled thread 4265] INFO  c.b.s.l.BrowserStackRunExtension - Agent path: null
02:59:16.216 [ApplicationImpl pooled thread 4270] INFO  c.b.s.l.BrowserStackRunExtension - testng
02:59:16.216 [ApplicationImpl pooled thread 4270] INFO  com.browserstack.sdk.utils.Helpers - true
02:59:16.217 [ApplicationImpl pooled thread 4270] INFO  c.b.s.l.BrowserStackRunExtension - Agent path: null
03:00:37.728 [ApplicationImpl pooled thread 4270] INFO  c.b.s.l.BrowserStackRunExtension - testng
03:00:37.728 [ApplicationImpl pooled thread 4270] INFO  com.browserstack.sdk.utils.Helpers - true
03:00:37.729 [ApplicationImpl pooled thread 4270] INFO  c.b.s.l.BrowserStackRunExtension - Agent path: null
03:14:13.194 [ApplicationImpl pooled thread 4276] INFO  c.b.s.l.BrowserStackRunExtension - testng
03:14:13.194 [ApplicationImpl pooled thread 4276] INFO  com.browserstack.sdk.utils.Helpers - true
03:14:13.195 [ApplicationImpl pooled thread 4276] INFO  c.b.s.l.BrowserStackRunExtension - Agent path: null
15:19:51.512 [ApplicationImpl pooled thread 4292] INFO  c.b.s.l.BrowserStackRunExtension - testng
15:19:51.512 [ApplicationImpl pooled thread 4292] INFO  com.browserstack.sdk.utils.Helpers - true
15:19:51.512 [ApplicationImpl pooled thread 4292] INFO  c.b.s.l.BrowserStackRunExtension - Agent path: null
02:51:33.471 [ApplicationImpl pooled thread 4707] INFO  c.b.s.l.BrowserStackRunExtension - testng
02:51:33.471 [ApplicationImpl pooled thread 4707] INFO  com.browserstack.sdk.utils.Helpers - true
02:51:33.472 [ApplicationImpl pooled thread 4707] INFO  c.b.s.l.BrowserStackRunExtension - Agent path: null
03:08:19.356 [ApplicationImpl pooled thread 4705] INFO  c.b.s.l.BrowserStackRunExtension - testng
03:08:19.357 [ApplicationImpl pooled thread 4705] INFO  com.browserstack.sdk.utils.Helpers - true
03:08:19.357 [ApplicationImpl pooled thread 4705] INFO  c.b.s.l.BrowserStackRunExtension - Agent path: null
04:28:22.650 [ApplicationImpl pooled thread 4741] INFO  c.b.s.l.BrowserStackRunExtension - testng
04:28:22.650 [ApplicationImpl pooled thread 4741] INFO  com.browserstack.sdk.utils.Helpers - true
04:28:22.651 [ApplicationImpl pooled thread 4741] INFO  c.b.s.l.BrowserStackRunExtension - Agent path: null
04:29:58.410 [AWT-EventQueue-0] INFO  c.b.sdk.actions.DisableBrowserStack - Setting disable browserstack run update
04:29:58.414 [AWT-EventQueue-0] INFO  c.b.sdk.actions.EnableBrowserStack - Setting enable browserstack run update
04:32:35.446 [ApplicationImpl pooled thread 4747] INFO  c.b.s.l.BrowserStackRunExtension - testng
04:32:35.447 [ApplicationImpl pooled thread 4747] INFO  com.browserstack.sdk.utils.Helpers - true
04:32:35.447 [ApplicationImpl pooled thread 4747] INFO  c.b.s.l.BrowserStackRunExtension - Agent path: null
04:33:15.401 [ApplicationImpl pooled thread 4748] INFO  c.b.s.l.BrowserStackRunExtension - testng
04:33:15.401 [ApplicationImpl pooled thread 4748] INFO  com.browserstack.sdk.utils.Helpers - true
04:33:15.402 [ApplicationImpl pooled thread 4748] INFO  c.b.s.l.BrowserStackRunExtension - Agent path: null
15:33:24.219 [ApplicationImpl pooled thread 4811] INFO  c.b.s.l.BrowserStackRunExtension - testng
15:33:24.219 [ApplicationImpl pooled thread 4811] INFO  com.browserstack.sdk.utils.Helpers - true
15:33:24.220 [ApplicationImpl pooled thread 4811] INFO  c.b.s.l.BrowserStackRunExtension - Agent path: null
16:07:34.260 [ApplicationImpl pooled thread 4840] INFO  c.b.s.l.BrowserStackRunExtension - testng
16:07:34.261 [ApplicationImpl pooled thread 4840] INFO  com.browserstack.sdk.utils.Helpers - true
16:07:34.261 [ApplicationImpl pooled thread 4840] INFO  c.b.s.l.BrowserStackRunExtension - Agent path: null
16:10:30.534 [ApplicationImpl pooled thread 4829] INFO  c.b.s.l.BrowserStackRunExtension - testng
16:10:30.534 [ApplicationImpl pooled thread 4829] INFO  com.browserstack.sdk.utils.Helpers - true
16:10:30.535 [ApplicationImpl pooled thread 4829] INFO  c.b.s.l.BrowserStackRunExtension - Agent path: null
16:10:53.391 [ApplicationImpl pooled thread 4845] INFO  c.b.s.l.BrowserStackRunExtension - testng
16:10:53.391 [ApplicationImpl pooled thread 4845] INFO  com.browserstack.sdk.utils.Helpers - true
16:10:53.392 [ApplicationImpl pooled thread 4845] INFO  c.b.s.l.BrowserStackRunExtension - Agent path: null
16:14:09.203 [ApplicationImpl pooled thread 4847] INFO  c.b.s.l.BrowserStackRunExtension - testng
16:14:09.203 [ApplicationImpl pooled thread 4847] INFO  com.browserstack.sdk.utils.Helpers - true
16:14:09.203 [ApplicationImpl pooled thread 4847] INFO  c.b.s.l.BrowserStackRunExtension - Agent path: null
16:22:34.974 [ApplicationImpl pooled thread 4852] INFO  c.b.s.l.BrowserStackRunExtension - testng
16:22:34.974 [ApplicationImpl pooled thread 4852] INFO  com.browserstack.sdk.utils.Helpers - true
16:22:34.975 [ApplicationImpl pooled thread 4852] INFO  c.b.s.l.BrowserStackRunExtension - Agent path: null
16:23:19.104 [ApplicationImpl pooled thread 4852] INFO  c.b.s.l.BrowserStackRunExtension - testng
16:23:19.104 [ApplicationImpl pooled thread 4852] INFO  com.browserstack.sdk.utils.Helpers - true
16:23:19.104 [ApplicationImpl pooled thread 4852] INFO  c.b.s.l.BrowserStackRunExtension - Agent path: null
16:27:13.362 [ApplicationImpl pooled thread 4855] INFO  c.b.s.l.BrowserStackRunExtension - testng
16:27:13.362 [ApplicationImpl pooled thread 4855] INFO  com.browserstack.sdk.utils.Helpers - true
16:27:13.363 [ApplicationImpl pooled thread 4855] INFO  c.b.s.l.BrowserStackRunExtension - Agent path: null
16:31:34.818 [ApplicationImpl pooled thread 4857] INFO  c.b.s.l.BrowserStackRunExtension - testng
16:31:34.818 [ApplicationImpl pooled thread 4857] INFO  com.browserstack.sdk.utils.Helpers - true
16:31:34.818 [ApplicationImpl pooled thread 4857] INFO  c.b.s.l.BrowserStackRunExtension - Agent path: null
23:21:31.344 [ApplicationImpl pooled thread 4892] INFO  c.b.s.l.BrowserStackRunExtension - testng
23:21:31.344 [ApplicationImpl pooled thread 4892] INFO  com.browserstack.sdk.utils.Helpers - true
23:21:31.345 [ApplicationImpl pooled thread 4892] INFO  c.b.s.l.BrowserStackRunExtension - Agent path: null
23:22:41.735 [ApplicationImpl pooled thread 4883] INFO  c.b.s.l.BrowserStackRunExtension - testng
23:22:41.735 [ApplicationImpl pooled thread 4883] INFO  com.browserstack.sdk.utils.Helpers - true
23:22:41.736 [ApplicationImpl pooled thread 4883] INFO  c.b.s.l.BrowserStackRunExtension - Agent path: null
17:30:01.074 [ApplicationImpl pooled thread 4996] INFO  c.b.s.l.BrowserStackRunExtension - testng
17:30:01.075 [ApplicationImpl pooled thread 4996] INFO  com.browserstack.sdk.utils.Helpers - true
17:30:01.075 [ApplicationImpl pooled thread 4996] INFO  c.b.s.l.BrowserStackRunExtension - Agent path: null
19:02:05.176 [ApplicationImpl pooled thread 5026] INFO  c.b.s.l.BrowserStackRunExtension - testng
19:02:05.176 [ApplicationImpl pooled thread 5026] INFO  com.browserstack.sdk.utils.Helpers - true
19:02:05.177 [ApplicationImpl pooled thread 5026] INFO  c.b.s.l.BrowserStackRunExtension - Agent path: null
03:39:16.235 [ApplicationImpl pooled thread 5046] INFO  c.b.s.l.BrowserStackRunExtension - testng
03:39:16.236 [ApplicationImpl pooled thread 5046] INFO  com.browserstack.sdk.utils.Helpers - true
03:39:16.236 [ApplicationImpl pooled thread 5046] INFO  c.b.s.l.BrowserStackRunExtension - Agent path: null
03:48:28.967 [ApplicationImpl pooled thread 5048] INFO  c.b.s.l.BrowserStackRunExtension - testng
03:48:28.967 [ApplicationImpl pooled thread 5048] INFO  com.browserstack.sdk.utils.Helpers - true
03:48:28.967 [ApplicationImpl pooled thread 5048] INFO  c.b.s.l.BrowserStackRunExtension - Agent path: null
03:49:37.340 [ApplicationImpl pooled thread 5053] INFO  c.b.s.l.BrowserStackRunExtension - testng
03:49:37.341 [ApplicationImpl pooled thread 5053] INFO  com.browserstack.sdk.utils.Helpers - true
03:49:37.341 [ApplicationImpl pooled thread 5053] INFO  c.b.s.l.BrowserStackRunExtension - Agent path: null
04:08:41.193 [ApplicationImpl pooled thread 5063] INFO  c.b.s.l.BrowserStackRunExtension - testng
04:08:41.194 [ApplicationImpl pooled thread 5063] INFO  com.browserstack.sdk.utils.Helpers - true
04:08:41.194 [ApplicationImpl pooled thread 5063] INFO  c.b.s.l.BrowserStackRunExtension - Agent path: null
15:44:11.374 [AWT-EventQueue-0] INFO  c.b.sdk.actions.EnableBrowserStack - Setting enable browserstack run update
15:44:11.380 [AWT-EventQueue-0] INFO  c.b.sdk.actions.DisableBrowserStack - Setting disable browserstack run update
03:25:29.026 [ApplicationImpl pooled thread 5251] INFO  c.b.s.l.BrowserStackRunExtension - testng
03:25:29.026 [ApplicationImpl pooled thread 5251] INFO  com.browserstack.sdk.utils.Helpers - true
03:25:29.027 [ApplicationImpl pooled thread 5251] INFO  c.b.s.l.BrowserStackRunExtension - Agent path: null
03:32:43.388 [ApplicationImpl pooled thread 5256] INFO  c.b.s.l.BrowserStackRunExtension - testng
03:32:43.388 [ApplicationImpl pooled thread 5256] INFO  com.browserstack.sdk.utils.Helpers - true
03:32:43.389 [ApplicationImpl pooled thread 5256] INFO  c.b.s.l.BrowserStackRunExtension - Agent path: null
03:33:36.549 [ApplicationImpl pooled thread 5252] INFO  c.b.s.l.BrowserStackRunExtension - testng
03:33:36.549 [ApplicationImpl pooled thread 5252] INFO  com.browserstack.sdk.utils.Helpers - true
03:33:36.550 [ApplicationImpl pooled thread 5252] INFO  c.b.s.l.BrowserStackRunExtension - Agent path: null
03:33:46.319 [ApplicationImpl pooled thread 5234] INFO  c.b.s.l.BrowserStackRunExtension - testng
03:33:46.319 [ApplicationImpl pooled thread 5234] INFO  com.browserstack.sdk.utils.Helpers - true
03:33:46.320 [ApplicationImpl pooled thread 5234] INFO  c.b.s.l.BrowserStackRunExtension - Agent path: null
03:35:50.506 [ApplicationImpl pooled thread 5260] INFO  c.b.s.l.BrowserStackRunExtension - testng
03:35:50.506 [ApplicationImpl pooled thread 5260] INFO  com.browserstack.sdk.utils.Helpers - true
03:35:50.507 [ApplicationImpl pooled thread 5260] INFO  c.b.s.l.BrowserStackRunExtension - Agent path: null
03:52:44.439 [ApplicationImpl pooled thread 5270] INFO  c.b.s.l.BrowserStackRunExtension - testng
03:52:44.439 [ApplicationImpl pooled thread 5270] INFO  com.browserstack.sdk.utils.Helpers - true
03:52:44.439 [ApplicationImpl pooled thread 5270] INFO  c.b.s.l.BrowserStackRunExtension - Agent path: null
03:55:52.603 [ApplicationImpl pooled thread 5264] INFO  c.b.s.l.BrowserStackRunExtension - testng
03:55:52.603 [ApplicationImpl pooled thread 5264] INFO  com.browserstack.sdk.utils.Helpers - true
03:55:52.604 [ApplicationImpl pooled thread 5264] INFO  c.b.s.l.BrowserStackRunExtension - Agent path: null
03:56:40.319 [ApplicationImpl pooled thread 5264] INFO  c.b.s.l.BrowserStackRunExtension - testng
03:56:40.319 [ApplicationImpl pooled thread 5264] INFO  com.browserstack.sdk.utils.Helpers - true
03:56:40.320 [ApplicationImpl pooled thread 5264] INFO  c.b.s.l.BrowserStackRunExtension - Agent path: null
03:58:41.965 [ApplicationImpl pooled thread 5264] INFO  c.b.s.l.BrowserStackRunExtension - testng
03:58:41.965 [ApplicationImpl pooled thread 5264] INFO  com.browserstack.sdk.utils.Helpers - true
03:58:41.965 [ApplicationImpl pooled thread 5264] INFO  c.b.s.l.BrowserStackRunExtension - Agent path: null
03:59:03.938 [ApplicationImpl pooled thread 5264] INFO  c.b.s.l.BrowserStackRunExtension - testng
03:59:03.938 [ApplicationImpl pooled thread 5264] INFO  com.browserstack.sdk.utils.Helpers - true
03:59:03.939 [ApplicationImpl pooled thread 5264] INFO  c.b.s.l.BrowserStackRunExtension - Agent path: null
04:04:05.351 [ApplicationImpl pooled thread 5283] INFO  c.b.s.l.BrowserStackRunExtension - testng
04:04:05.351 [ApplicationImpl pooled thread 5283] INFO  com.browserstack.sdk.utils.Helpers - true
04:04:05.351 [ApplicationImpl pooled thread 5283] INFO  c.b.s.l.BrowserStackRunExtension - Agent path: null
03:08:19.014 [ApplicationImpl pooled thread 5382] INFO  c.b.s.l.BrowserStackRunExtension - testng
03:08:19.015 [ApplicationImpl pooled thread 5382] INFO  com.browserstack.sdk.utils.Helpers - true
03:08:19.015 [ApplicationImpl pooled thread 5382] INFO  c.b.s.l.BrowserStackRunExtension - Agent path: null
03:08:41.963 [ApplicationImpl pooled thread 5381] INFO  c.b.s.l.BrowserStackRunExtension - testng
03:08:41.963 [ApplicationImpl pooled thread 5381] INFO  com.browserstack.sdk.utils.Helpers - true
03:08:41.963 [ApplicationImpl pooled thread 5381] INFO  c.b.s.l.BrowserStackRunExtension - Agent path: null
03:09:06.576 [ApplicationImpl pooled thread 5382] INFO  c.b.s.l.BrowserStackRunExtension - testng
03:09:06.576 [ApplicationImpl pooled thread 5382] INFO  com.browserstack.sdk.utils.Helpers - true
03:09:06.576 [ApplicationImpl pooled thread 5382] INFO  c.b.s.l.BrowserStackRunExtension - Agent path: null
15:58:19.864 [ApplicationImpl pooled thread 5665] INFO  c.b.s.l.BrowserStackRunExtension - testng
15:58:19.864 [ApplicationImpl pooled thread 5665] INFO  com.browserstack.sdk.utils.Helpers - true
15:58:19.865 [ApplicationImpl pooled thread 5665] INFO  c.b.s.l.BrowserStackRunExtension - Agent path: null
15:58:47.078 [ApplicationImpl pooled thread 5662] INFO  c.b.s.l.BrowserStackRunExtension - testng
15:58:47.079 [ApplicationImpl pooled thread 5662] INFO  com.browserstack.sdk.utils.Helpers - true
15:58:47.079 [ApplicationImpl pooled thread 5662] INFO  c.b.s.l.BrowserStackRunExtension - Agent path: null
16:06:06.615 [ApplicationImpl pooled thread 5665] INFO  c.b.s.l.BrowserStackRunExtension - testng
16:06:06.615 [ApplicationImpl pooled thread 5665] INFO  com.browserstack.sdk.utils.Helpers - true
16:06:06.616 [ApplicationImpl pooled thread 5665] INFO  c.b.s.l.BrowserStackRunExtension - Agent path: null
16:09:22.506 [ApplicationImpl pooled thread 5674] INFO  c.b.s.l.BrowserStackRunExtension - testng
16:09:22.506 [ApplicationImpl pooled thread 5674] INFO  com.browserstack.sdk.utils.Helpers - true
16:09:22.506 [ApplicationImpl pooled thread 5674] INFO  c.b.s.l.BrowserStackRunExtension - Agent path: null
16:12:27.395 [ApplicationImpl pooled thread 5674] INFO  c.b.s.l.BrowserStackRunExtension - testng
16:12:27.395 [ApplicationImpl pooled thread 5674] INFO  com.browserstack.sdk.utils.Helpers - true
16:12:27.396 [ApplicationImpl pooled thread 5674] INFO  c.b.s.l.BrowserStackRunExtension - Agent path: null
16:13:34.369 [ApplicationImpl pooled thread 5677] INFO  c.b.s.l.BrowserStackRunExtension - testng
16:13:34.369 [ApplicationImpl pooled thread 5677] INFO  com.browserstack.sdk.utils.Helpers - true
16:13:34.369 [ApplicationImpl pooled thread 5677] INFO  c.b.s.l.BrowserStackRunExtension - Agent path: null
16:37:37.415 [ApplicationImpl pooled thread 5692] INFO  c.b.s.l.BrowserStackRunExtension - testng
16:37:37.416 [ApplicationImpl pooled thread 5692] INFO  com.browserstack.sdk.utils.Helpers - true
16:37:37.416 [ApplicationImpl pooled thread 5692] INFO  c.b.s.l.BrowserStackRunExtension - Agent path: null
16:39:23.344 [ApplicationImpl pooled thread 5693] INFO  c.b.s.l.BrowserStackRunExtension - testng
16:39:23.344 [ApplicationImpl pooled thread 5693] INFO  com.browserstack.sdk.utils.Helpers - true
16:39:23.345 [ApplicationImpl pooled thread 5693] INFO  c.b.s.l.BrowserStackRunExtension - Agent path: null
16:40:28.726 [ApplicationImpl pooled thread 5677] INFO  c.b.s.l.BrowserStackRunExtension - testng
16:40:28.726 [ApplicationImpl pooled thread 5677] INFO  com.browserstack.sdk.utils.Helpers - true
16:40:28.727 [ApplicationImpl pooled thread 5677] INFO  c.b.s.l.BrowserStackRunExtension - Agent path: null
23:25:03.323 [ApplicationImpl pooled thread 5799] INFO  c.b.s.l.BrowserStackRunExtension - testng
23:25:03.324 [ApplicationImpl pooled thread 5799] INFO  com.browserstack.sdk.utils.Helpers - true
23:25:03.324 [ApplicationImpl pooled thread 5799] INFO  c.b.s.l.BrowserStackRunExtension - Agent path: null
23:48:10.621 [ApplicationImpl pooled thread 5799] INFO  c.b.s.l.BrowserStackRunExtension - testng
23:48:10.622 [ApplicationImpl pooled thread 5799] INFO  com.browserstack.sdk.utils.Helpers - true
23:48:10.622 [ApplicationImpl pooled thread 5799] INFO  c.b.s.l.BrowserStackRunExtension - Agent path: null
23:49:00.165 [ApplicationImpl pooled thread 5825] INFO  c.b.s.l.BrowserStackRunExtension - testng
23:49:00.165 [ApplicationImpl pooled thread 5825] INFO  com.browserstack.sdk.utils.Helpers - true
23:49:00.166 [ApplicationImpl pooled thread 5825] INFO  c.b.s.l.BrowserStackRunExtension - Agent path: null
00:21:54.257 [ApplicationImpl pooled thread 5828] INFO  c.b.s.l.BrowserStackRunExtension - testng
00:21:54.257 [ApplicationImpl pooled thread 5828] INFO  com.browserstack.sdk.utils.Helpers - true
00:21:54.258 [ApplicationImpl pooled thread 5828] INFO  c.b.s.l.BrowserStackRunExtension - Agent path: null
03:09:03.488 [ApplicationImpl pooled thread 5902] INFO  c.b.s.l.BrowserStackRunExtension - testng
03:09:03.489 [ApplicationImpl pooled thread 5902] INFO  com.browserstack.sdk.utils.Helpers - true
03:09:03.489 [ApplicationImpl pooled thread 5902] INFO  c.b.s.l.BrowserStackRunExtension - Agent path: null
03:11:11.920 [ApplicationImpl pooled thread 5904] INFO  c.b.s.l.BrowserStackRunExtension - testng
03:11:11.921 [ApplicationImpl pooled thread 5904] INFO  com.browserstack.sdk.utils.Helpers - true
03:11:11.921 [ApplicationImpl pooled thread 5904] INFO  c.b.s.l.BrowserStackRunExtension - Agent path: null
03:14:14.557 [ApplicationImpl pooled thread 5908] INFO  c.b.s.l.BrowserStackRunExtension - testng
03:14:14.557 [ApplicationImpl pooled thread 5908] INFO  com.browserstack.sdk.utils.Helpers - true
03:14:14.557 [ApplicationImpl pooled thread 5908] INFO  c.b.s.l.BrowserStackRunExtension - Agent path: null
03:17:33.436 [ApplicationImpl pooled thread 5904] INFO  c.b.s.l.BrowserStackRunExtension - testng
03:17:33.436 [ApplicationImpl pooled thread 5904] INFO  com.browserstack.sdk.utils.Helpers - true
03:17:33.437 [ApplicationImpl pooled thread 5904] INFO  c.b.s.l.BrowserStackRunExtension - Agent path: null
03:20:01.432 [ApplicationImpl pooled thread 5904] INFO  c.b.s.l.BrowserStackRunExtension - testng
03:20:01.432 [ApplicationImpl pooled thread 5904] INFO  com.browserstack.sdk.utils.Helpers - true
03:20:01.433 [ApplicationImpl pooled thread 5904] INFO  c.b.s.l.BrowserStackRunExtension - Agent path: null
02:40:20.795 [ApplicationImpl pooled thread 6492] INFO  c.b.s.l.BrowserStackRunExtension - testng
02:40:20.795 [ApplicationImpl pooled thread 6492] INFO  com.browserstack.sdk.utils.Helpers - true
02:40:20.796 [ApplicationImpl pooled thread 6492] INFO  c.b.s.l.BrowserStackRunExtension - Agent path: null
02:51:03.800 [ApplicationImpl pooled thread 6510] INFO  c.b.s.l.BrowserStackRunExtension - testng
02:51:03.800 [ApplicationImpl pooled thread 6510] INFO  com.browserstack.sdk.utils.Helpers - true
02:51:03.802 [ApplicationImpl pooled thread 6510] INFO  c.b.s.l.BrowserStackRunExtension - Agent path: null
02:55:14.526 [ApplicationImpl pooled thread 6515] INFO  c.b.s.l.BrowserStackRunExtension - testng
02:55:14.526 [ApplicationImpl pooled thread 6515] INFO  com.browserstack.sdk.utils.Helpers - true
02:55:14.527 [ApplicationImpl pooled thread 6515] INFO  c.b.s.l.BrowserStackRunExtension - Agent path: null
02:56:19.224 [ApplicationImpl pooled thread 6512] INFO  c.b.s.l.BrowserStackRunExtension - testng
02:56:19.224 [ApplicationImpl pooled thread 6512] INFO  com.browserstack.sdk.utils.Helpers - true
02:56:19.224 [ApplicationImpl pooled thread 6512] INFO  c.b.s.l.BrowserStackRunExtension - Agent path: null
02:57:16.055 [ApplicationImpl pooled thread 6517] INFO  c.b.s.l.BrowserStackRunExtension - testng
02:57:16.055 [ApplicationImpl pooled thread 6517] INFO  com.browserstack.sdk.utils.Helpers - true
02:57:16.056 [ApplicationImpl pooled thread 6517] INFO  c.b.s.l.BrowserStackRunExtension - Agent path: null
04:33:08.239 [ApplicationImpl pooled thread 6567] INFO  c.b.s.l.BrowserStackRunExtension - testng
04:33:08.239 [ApplicationImpl pooled thread 6567] INFO  com.browserstack.sdk.utils.Helpers - true
04:33:08.240 [ApplicationImpl pooled thread 6567] INFO  c.b.s.l.BrowserStackRunExtension - Agent path: null
04:36:09.234 [ApplicationImpl pooled thread 6574] INFO  c.b.s.l.BrowserStackRunExtension - testng
04:36:09.234 [ApplicationImpl pooled thread 6574] INFO  com.browserstack.sdk.utils.Helpers - true
04:36:09.235 [ApplicationImpl pooled thread 6574] INFO  c.b.s.l.BrowserStackRunExtension - Agent path: null
05:41:54.825 [ApplicationImpl pooled thread 6613] INFO  c.b.s.l.BrowserStackRunExtension - testng
05:41:54.826 [ApplicationImpl pooled thread 6613] INFO  com.browserstack.sdk.utils.Helpers - true
05:41:54.827 [ApplicationImpl pooled thread 6613] INFO  c.b.s.l.BrowserStackRunExtension - Agent path: null
05:45:04.000 [ApplicationImpl pooled thread 6615] INFO  c.b.s.l.BrowserStackRunExtension - testng
05:45:04.007 [ApplicationImpl pooled thread 6615] INFO  com.browserstack.sdk.utils.Helpers - true
05:45:04.008 [ApplicationImpl pooled thread 6615] INFO  c.b.s.l.BrowserStackRunExtension - Agent path: null
11:09:23.580 [ApplicationImpl pooled thread 6625] INFO  c.b.s.l.BrowserStackRunExtension - testng
11:09:23.581 [ApplicationImpl pooled thread 6625] INFO  com.browserstack.sdk.utils.Helpers - true
11:09:23.581 [ApplicationImpl pooled thread 6625] INFO  c.b.s.l.BrowserStackRunExtension - Agent path: null
11:10:54.760 [ApplicationImpl pooled thread 6625] INFO  c.b.s.l.BrowserStackRunExtension - testng
11:10:54.761 [ApplicationImpl pooled thread 6625] INFO  com.browserstack.sdk.utils.Helpers - true
11:10:54.761 [ApplicationImpl pooled thread 6625] INFO  c.b.s.l.BrowserStackRunExtension - Agent path: null
11:14:22.538 [ApplicationImpl pooled thread 6634] INFO  c.b.s.l.BrowserStackRunExtension - testng
11:14:22.539 [ApplicationImpl pooled thread 6634] INFO  com.browserstack.sdk.utils.Helpers - true
11:14:22.539 [ApplicationImpl pooled thread 6634] INFO  c.b.s.l.BrowserStackRunExtension - Agent path: null
11:18:52.159 [ApplicationImpl pooled thread 6639] INFO  c.b.s.l.BrowserStackRunExtension - testng
11:18:52.160 [ApplicationImpl pooled thread 6639] INFO  com.browserstack.sdk.utils.Helpers - true
11:18:52.160 [ApplicationImpl pooled thread 6639] INFO  c.b.s.l.BrowserStackRunExtension - Agent path: null
11:21:14.491 [ApplicationImpl pooled thread 6638] INFO  c.b.s.l.BrowserStackRunExtension - testng
11:21:14.492 [ApplicationImpl pooled thread 6638] INFO  com.browserstack.sdk.utils.Helpers - true
11:21:14.492 [ApplicationImpl pooled thread 6638] INFO  c.b.s.l.BrowserStackRunExtension - Agent path: null
11:23:15.009 [ApplicationImpl pooled thread 6646] INFO  c.b.s.l.BrowserStackRunExtension - testng
11:23:15.010 [ApplicationImpl pooled thread 6646] INFO  com.browserstack.sdk.utils.Helpers - true
11:23:15.012 [ApplicationImpl pooled thread 6646] INFO  c.b.s.l.BrowserStackRunExtension - Agent path: null
11:24:36.091 [ApplicationImpl pooled thread 6647] INFO  c.b.s.l.BrowserStackRunExtension - testng
11:24:36.092 [ApplicationImpl pooled thread 6647] INFO  com.browserstack.sdk.utils.Helpers - true
11:24:36.092 [ApplicationImpl pooled thread 6647] INFO  c.b.s.l.BrowserStackRunExtension - Agent path: null
11:26:24.273 [ApplicationImpl pooled thread 6648] INFO  c.b.s.l.BrowserStackRunExtension - testng
11:26:24.273 [ApplicationImpl pooled thread 6648] INFO  com.browserstack.sdk.utils.Helpers - true
11:26:24.274 [ApplicationImpl pooled thread 6648] INFO  c.b.s.l.BrowserStackRunExtension - Agent path: null
11:37:47.680 [ApplicationImpl pooled thread 6654] INFO  c.b.s.l.BrowserStackRunExtension - testng
11:37:47.680 [ApplicationImpl pooled thread 6654] INFO  com.browserstack.sdk.utils.Helpers - true
11:37:47.680 [ApplicationImpl pooled thread 6654] INFO  c.b.s.l.BrowserStackRunExtension - Agent path: null
11:47:22.370 [ApplicationImpl pooled thread 6666] INFO  c.b.s.l.BrowserStackRunExtension - testng
11:47:22.370 [ApplicationImpl pooled thread 6666] INFO  com.browserstack.sdk.utils.Helpers - true
11:47:22.371 [ApplicationImpl pooled thread 6666] INFO  c.b.s.l.BrowserStackRunExtension - Agent path: null
11:52:05.573 [ApplicationImpl pooled thread 6670] INFO  c.b.s.l.BrowserStackRunExtension - testng
11:52:05.573 [ApplicationImpl pooled thread 6670] INFO  com.browserstack.sdk.utils.Helpers - true
11:52:05.574 [ApplicationImpl pooled thread 6670] INFO  c.b.s.l.BrowserStackRunExtension - Agent path: null
05:27:04.343 [ApplicationImpl pooled thread 6915] INFO  c.b.s.l.BrowserStackRunExtension - testng
05:27:04.343 [ApplicationImpl pooled thread 6915] INFO  com.browserstack.sdk.utils.Helpers - true
05:27:04.344 [ApplicationImpl pooled thread 6915] INFO  c.b.s.l.BrowserStackRunExtension - Agent path: null
05:27:46.538 [ApplicationImpl pooled thread 6929] INFO  c.b.s.l.BrowserStackRunExtension - testng
05:27:46.538 [ApplicationImpl pooled thread 6929] INFO  com.browserstack.sdk.utils.Helpers - true
05:27:46.539 [ApplicationImpl pooled thread 6929] INFO  c.b.s.l.BrowserStackRunExtension - Agent path: null
04:57:00.310 [ApplicationImpl pooled thread 7296] INFO  c.b.s.l.BrowserStackRunExtension - testng
04:57:00.310 [ApplicationImpl pooled thread 7296] INFO  com.browserstack.sdk.utils.Helpers - true
04:57:00.312 [ApplicationImpl pooled thread 7296] INFO  c.b.s.l.BrowserStackRunExtension - Agent path: null
17:29:27.890 [ApplicationImpl pooled thread 7342] INFO  c.b.s.l.BrowserStackRunExtension - testng
17:29:27.890 [ApplicationImpl pooled thread 7342] INFO  com.browserstack.sdk.utils.Helpers - true
17:29:27.891 [ApplicationImpl pooled thread 7342] INFO  c.b.s.l.BrowserStackRunExtension - Agent path: null
17:30:37.617 [ApplicationImpl pooled thread 7342] INFO  c.b.s.l.BrowserStackRunExtension - testng
17:30:37.617 [ApplicationImpl pooled thread 7342] INFO  com.browserstack.sdk.utils.Helpers - true
17:30:37.617 [ApplicationImpl pooled thread 7342] INFO  c.b.s.l.BrowserStackRunExtension - Agent path: null
17:32:53.690 [ApplicationImpl pooled thread 7341] INFO  c.b.s.l.BrowserStackRunExtension - testng
17:32:53.690 [ApplicationImpl pooled thread 7341] INFO  com.browserstack.sdk.utils.Helpers - true
17:32:53.691 [ApplicationImpl pooled thread 7341] INFO  c.b.s.l.BrowserStackRunExtension - Agent path: null
01:51:46.290 [AWT-EventQueue-0] INFO  c.b.sdk.actions.DisableBrowserStack - Setting disable browserstack run update
01:51:46.297 [AWT-EventQueue-0] INFO  c.b.sdk.actions.EnableBrowserStack - Setting enable browserstack run update
01:57:05.647 [ApplicationImpl pooled thread 7618] INFO  c.b.s.l.BrowserStackRunExtension - testng
01:57:05.647 [ApplicationImpl pooled thread 7618] INFO  com.browserstack.sdk.utils.Helpers - true
01:57:05.648 [ApplicationImpl pooled thread 7618] INFO  c.b.s.l.BrowserStackRunExtension - Agent path: null
02:04:15.604 [ApplicationImpl pooled thread 9] INFO  c.b.s.l.BrowserStackRunExtension - testng
02:04:15.605 [ApplicationImpl pooled thread 9] INFO  com.browserstack.sdk.utils.Helpers - true
02:04:15.606 [ApplicationImpl pooled thread 9] INFO  c.b.s.l.BrowserStackRunExtension - Agent path: null
02:11:07.068 [ApplicationImpl pooled thread 9] INFO  c.b.s.l.BrowserStackRunExtension - testng
02:11:07.068 [ApplicationImpl pooled thread 9] INFO  com.browserstack.sdk.utils.Helpers - true
02:11:07.069 [ApplicationImpl pooled thread 9] INFO  c.b.s.l.BrowserStackRunExtension - Agent path: null
02:16:57.672 [ApplicationImpl pooled thread 20] INFO  c.b.s.l.BrowserStackRunExtension - testng
02:16:57.672 [ApplicationImpl pooled thread 20] INFO  com.browserstack.sdk.utils.Helpers - true
02:16:57.672 [ApplicationImpl pooled thread 20] INFO  c.b.s.l.BrowserStackRunExtension - Agent path: null
02:20:38.881 [ApplicationImpl pooled thread 31] INFO  c.b.s.l.BrowserStackRunExtension - testng
02:20:38.881 [ApplicationImpl pooled thread 31] INFO  com.browserstack.sdk.utils.Helpers - true
02:20:38.881 [ApplicationImpl pooled thread 31] INFO  c.b.s.l.BrowserStackRunExtension - Agent path: null
02:22:18.586 [ApplicationImpl pooled thread 30] INFO  c.b.s.l.BrowserStackRunExtension - testng
02:22:18.586 [ApplicationImpl pooled thread 30] INFO  com.browserstack.sdk.utils.Helpers - true
02:22:18.587 [ApplicationImpl pooled thread 30] INFO  c.b.s.l.BrowserStackRunExtension - Agent path: null
02:23:07.257 [ApplicationImpl pooled thread 36] INFO  c.b.s.l.BrowserStackRunExtension - testng
02:23:07.257 [ApplicationImpl pooled thread 36] INFO  com.browserstack.sdk.utils.Helpers - true
02:23:07.257 [ApplicationImpl pooled thread 36] INFO  c.b.s.l.BrowserStackRunExtension - Agent path: null
02:23:46.078 [ApplicationImpl pooled thread 31] INFO  c.b.s.l.BrowserStackRunExtension - testng
02:23:46.079 [ApplicationImpl pooled thread 31] INFO  com.browserstack.sdk.utils.Helpers - true
02:23:46.079 [ApplicationImpl pooled thread 31] INFO  c.b.s.l.BrowserStackRunExtension - Agent path: null
02:29:35.977 [ApplicationImpl pooled thread 31] INFO  c.b.s.l.BrowserStackRunExtension - testng
02:29:35.977 [ApplicationImpl pooled thread 31] INFO  com.browserstack.sdk.utils.Helpers - true
02:29:35.977 [ApplicationImpl pooled thread 31] INFO  c.b.s.l.BrowserStackRunExtension - Agent path: null
02:33:27.245 [ApplicationImpl pooled thread 31] INFO  c.b.s.l.BrowserStackRunExtension - testng
02:33:27.245 [ApplicationImpl pooled thread 31] INFO  com.browserstack.sdk.utils.Helpers - true
02:33:27.245 [ApplicationImpl pooled thread 31] INFO  c.b.s.l.BrowserStackRunExtension - Agent path: null
02:41:04.466 [ApplicationImpl pooled thread 47] INFO  c.b.s.l.BrowserStackRunExtension - testng
02:41:04.466 [ApplicationImpl pooled thread 47] INFO  com.browserstack.sdk.utils.Helpers - true
02:41:04.467 [ApplicationImpl pooled thread 47] INFO  c.b.s.l.BrowserStackRunExtension - Agent path: null
03:07:37.713 [ApplicationImpl pooled thread 60] INFO  c.b.s.l.BrowserStackRunExtension - testng
03:07:37.713 [ApplicationImpl pooled thread 60] INFO  com.browserstack.sdk.utils.Helpers - true
03:07:37.713 [ApplicationImpl pooled thread 60] INFO  c.b.s.l.BrowserStackRunExtension - Agent path: null
03:08:57.590 [ApplicationImpl pooled thread 47] INFO  c.b.s.l.BrowserStackRunExtension - testng
03:08:57.590 [ApplicationImpl pooled thread 47] INFO  com.browserstack.sdk.utils.Helpers - true
03:08:57.591 [ApplicationImpl pooled thread 47] INFO  c.b.s.l.BrowserStackRunExtension - Agent path: null
01:52:16.016 [ApplicationImpl pooled thread 458] INFO  c.b.s.l.BrowserStackRunExtension - testng
01:52:16.016 [ApplicationImpl pooled thread 458] INFO  com.browserstack.sdk.utils.Helpers - true
01:52:16.017 [ApplicationImpl pooled thread 458] INFO  c.b.s.l.BrowserStackRunExtension - Agent path: null
18:09:03.303 [ApplicationImpl pooled thread 482] INFO  c.b.s.l.BrowserStackRunExtension - testng
18:09:03.304 [ApplicationImpl pooled thread 482] INFO  com.browserstack.sdk.utils.Helpers - true
18:09:03.304 [ApplicationImpl pooled thread 482] INFO  c.b.s.l.BrowserStackRunExtension - Agent path: null
18:28:48.346 [ApplicationImpl pooled thread 500] INFO  c.b.s.l.BrowserStackRunExtension - testng
18:28:48.346 [ApplicationImpl pooled thread 500] INFO  com.browserstack.sdk.utils.Helpers - true
18:28:48.346 [ApplicationImpl pooled thread 500] INFO  c.b.s.l.BrowserStackRunExtension - Agent path: null
19:16:23.084 [ApplicationImpl pooled thread 506] INFO  c.b.s.l.BrowserStackRunExtension - testng
19:16:23.085 [ApplicationImpl pooled thread 506] INFO  com.browserstack.sdk.utils.Helpers - true
19:16:23.085 [ApplicationImpl pooled thread 506] INFO  c.b.s.l.BrowserStackRunExtension - Agent path: null
19:16:50.513 [ApplicationImpl pooled thread 505] INFO  c.b.s.l.BrowserStackRunExtension - testng
19:16:50.513 [ApplicationImpl pooled thread 505] INFO  com.browserstack.sdk.utils.Helpers - true
19:16:50.514 [ApplicationImpl pooled thread 505] INFO  c.b.s.l.BrowserStackRunExtension - Agent path: null
19:20:12.827 [ApplicationImpl pooled thread 505] INFO  c.b.s.l.BrowserStackRunExtension - testng
19:20:12.828 [ApplicationImpl pooled thread 505] INFO  com.browserstack.sdk.utils.Helpers - true
19:20:12.828 [ApplicationImpl pooled thread 505] INFO  c.b.s.l.BrowserStackRunExtension - Agent path: null
19:22:07.719 [ApplicationImpl pooled thread 508] INFO  c.b.s.l.BrowserStackRunExtension - testng
19:22:07.719 [ApplicationImpl pooled thread 508] INFO  com.browserstack.sdk.utils.Helpers - true
19:22:07.719 [ApplicationImpl pooled thread 508] INFO  c.b.s.l.BrowserStackRunExtension - Agent path: null
19:24:21.637 [ApplicationImpl pooled thread 508] INFO  c.b.s.l.BrowserStackRunExtension - testng
19:24:21.637 [ApplicationImpl pooled thread 508] INFO  com.browserstack.sdk.utils.Helpers - true
19:24:21.638 [ApplicationImpl pooled thread 508] INFO  c.b.s.l.BrowserStackRunExtension - Agent path: null
19:29:16.184 [ApplicationImpl pooled thread 514] INFO  c.b.s.l.BrowserStackRunExtension - testng
19:29:16.185 [ApplicationImpl pooled thread 514] INFO  com.browserstack.sdk.utils.Helpers - true
19:29:16.185 [ApplicationImpl pooled thread 514] INFO  c.b.s.l.BrowserStackRunExtension - Agent path: null
19:33:41.542 [ApplicationImpl pooled thread 511] INFO  c.b.s.l.BrowserStackRunExtension - testng
19:33:41.543 [ApplicationImpl pooled thread 511] INFO  com.browserstack.sdk.utils.Helpers - true
19:33:41.543 [ApplicationImpl pooled thread 511] INFO  c.b.s.l.BrowserStackRunExtension - Agent path: null
19:34:00.003 [ApplicationImpl pooled thread 509] INFO  c.b.s.l.BrowserStackRunExtension - testng
19:34:00.003 [ApplicationImpl pooled thread 509] INFO  com.browserstack.sdk.utils.Helpers - true
19:34:00.004 [ApplicationImpl pooled thread 509] INFO  c.b.s.l.BrowserStackRunExtension - Agent path: null
00:09:43.458 [ApplicationImpl pooled thread 530] INFO  c.b.s.l.BrowserStackRunExtension - testng
00:09:43.458 [ApplicationImpl pooled thread 530] INFO  com.browserstack.sdk.utils.Helpers - true
00:09:43.459 [ApplicationImpl pooled thread 530] INFO  c.b.s.l.BrowserStackRunExtension - Agent path: null
00:14:13.516 [ApplicationImpl pooled thread 531] INFO  c.b.s.l.BrowserStackRunExtension - testng
00:14:13.516 [ApplicationImpl pooled thread 531] INFO  com.browserstack.sdk.utils.Helpers - true
00:14:13.517 [ApplicationImpl pooled thread 531] INFO  c.b.s.l.BrowserStackRunExtension - Agent path: null
00:20:21.701 [ApplicationImpl pooled thread 532] INFO  c.b.s.l.BrowserStackRunExtension - testng
00:20:21.701 [ApplicationImpl pooled thread 532] INFO  com.browserstack.sdk.utils.Helpers - true
00:20:21.702 [ApplicationImpl pooled thread 532] INFO  c.b.s.l.BrowserStackRunExtension - Agent path: null
00:29:59.919 [ApplicationImpl pooled thread 541] INFO  c.b.s.l.BrowserStackRunExtension - testng
00:29:59.919 [ApplicationImpl pooled thread 541] INFO  com.browserstack.sdk.utils.Helpers - true
00:29:59.919 [ApplicationImpl pooled thread 541] INFO  c.b.s.l.BrowserStackRunExtension - Agent path: null
00:33:09.891 [ApplicationImpl pooled thread 540] INFO  c.b.s.l.BrowserStackRunExtension - testng
00:33:09.892 [ApplicationImpl pooled thread 540] INFO  com.browserstack.sdk.utils.Helpers - true
00:33:09.892 [ApplicationImpl pooled thread 540] INFO  c.b.s.l.BrowserStackRunExtension - Agent path: null
01:32:11.207 [ApplicationImpl pooled thread 546] INFO  c.b.s.l.BrowserStackRunExtension - testng
01:32:11.207 [ApplicationImpl pooled thread 546] INFO  com.browserstack.sdk.utils.Helpers - true
01:32:11.207 [ApplicationImpl pooled thread 546] INFO  c.b.s.l.BrowserStackRunExtension - Agent path: null
01:40:39.017 [ApplicationImpl pooled thread 550] INFO  c.b.s.l.BrowserStackRunExtension - testng
01:40:39.017 [ApplicationImpl pooled thread 550] INFO  com.browserstack.sdk.utils.Helpers - true
01:40:39.017 [ApplicationImpl pooled thread 550] INFO  c.b.s.l.BrowserStackRunExtension - Agent path: null
02:14:46.713 [ApplicationImpl pooled thread 643] INFO  c.b.s.l.BrowserStackRunExtension - testng
02:14:46.713 [ApplicationImpl pooled thread 643] INFO  com.browserstack.sdk.utils.Helpers - true
02:14:46.714 [ApplicationImpl pooled thread 643] INFO  c.b.s.l.BrowserStackRunExtension - Agent path: null
02:23:29.112 [ApplicationImpl pooled thread 654] INFO  c.b.s.l.BrowserStackRunExtension - testng
02:23:29.113 [ApplicationImpl pooled thread 654] INFO  com.browserstack.sdk.utils.Helpers - true
02:23:29.113 [ApplicationImpl pooled thread 654] INFO  c.b.s.l.BrowserStackRunExtension - Agent path: null
02:39:28.132 [ApplicationImpl pooled thread 653] INFO  c.b.s.l.BrowserStackRunExtension - testng
02:39:28.132 [ApplicationImpl pooled thread 653] INFO  com.browserstack.sdk.utils.Helpers - true
02:39:28.133 [ApplicationImpl pooled thread 653] INFO  c.b.s.l.BrowserStackRunExtension - Agent path: null
03:02:21.308 [ApplicationImpl pooled thread 653] INFO  c.b.s.l.BrowserStackRunExtension - testng
03:02:21.308 [ApplicationImpl pooled thread 653] INFO  com.browserstack.sdk.utils.Helpers - true
03:02:21.308 [ApplicationImpl pooled thread 653] INFO  c.b.s.l.BrowserStackRunExtension - Agent path: null
01:41:32.307 [ApplicationImpl pooled thread 721] INFO  c.b.s.l.BrowserStackRunExtension - testng
01:41:32.307 [ApplicationImpl pooled thread 721] INFO  com.browserstack.sdk.utils.Helpers - true
01:41:32.308 [ApplicationImpl pooled thread 721] INFO  c.b.s.l.BrowserStackRunExtension - Agent path: null
01:23:55.885 [ApplicationImpl pooled thread 737] INFO  c.b.s.l.BrowserStackRunExtension - testng
01:23:55.885 [ApplicationImpl pooled thread 737] INFO  com.browserstack.sdk.utils.Helpers - true
01:23:55.886 [ApplicationImpl pooled thread 737] INFO  c.b.s.l.BrowserStackRunExtension - Agent path: null
01:33:36.819 [ApplicationImpl pooled thread 792] INFO  c.b.s.l.BrowserStackRunExtension - testng
01:33:36.819 [ApplicationImpl pooled thread 792] INFO  com.browserstack.sdk.utils.Helpers - true
01:33:36.820 [ApplicationImpl pooled thread 792] INFO  c.b.s.l.BrowserStackRunExtension - Agent path: null
01:35:16.343 [ApplicationImpl pooled thread 799] INFO  c.b.s.l.BrowserStackRunExtension - testng
01:35:16.343 [ApplicationImpl pooled thread 799] INFO  com.browserstack.sdk.utils.Helpers - true
01:35:16.343 [ApplicationImpl pooled thread 799] INFO  c.b.s.l.BrowserStackRunExtension - Agent path: null
01:37:48.562 [ApplicationImpl pooled thread 792] INFO  c.b.s.l.BrowserStackRunExtension - testng
01:37:48.562 [ApplicationImpl pooled thread 792] INFO  com.browserstack.sdk.utils.Helpers - true
01:37:48.562 [ApplicationImpl pooled thread 792] INFO  c.b.s.l.BrowserStackRunExtension - Agent path: null
01:43:53.544 [ApplicationImpl pooled thread 801] INFO  c.b.s.l.BrowserStackRunExtension - testng
01:43:53.545 [ApplicationImpl pooled thread 801] INFO  com.browserstack.sdk.utils.Helpers - true
01:43:53.545 [ApplicationImpl pooled thread 801] INFO  c.b.s.l.BrowserStackRunExtension - Agent path: null
01:44:35.708 [ApplicationImpl pooled thread 792] INFO  c.b.s.l.BrowserStackRunExtension - testng
01:44:35.708 [ApplicationImpl pooled thread 792] INFO  com.browserstack.sdk.utils.Helpers - true
01:44:35.709 [ApplicationImpl pooled thread 792] INFO  c.b.s.l.BrowserStackRunExtension - Agent path: null
01:50:55.148 [ApplicationImpl pooled thread 805] INFO  c.b.s.l.BrowserStackRunExtension - testng
01:50:55.148 [ApplicationImpl pooled thread 805] INFO  com.browserstack.sdk.utils.Helpers - true
01:50:55.148 [ApplicationImpl pooled thread 805] INFO  c.b.s.l.BrowserStackRunExtension - Agent path: null
02:13:35.262 [ApplicationImpl pooled thread 801] INFO  c.b.s.l.BrowserStackRunExtension - testng
02:13:35.263 [ApplicationImpl pooled thread 801] INFO  com.browserstack.sdk.utils.Helpers - true
02:13:35.263 [ApplicationImpl pooled thread 801] INFO  c.b.s.l.BrowserStackRunExtension - Agent path: null
02:28:50.924 [ApplicationImpl pooled thread 826] INFO  c.b.s.l.BrowserStackRunExtension - testng
02:28:50.924 [ApplicationImpl pooled thread 826] INFO  com.browserstack.sdk.utils.Helpers - true
02:28:50.924 [ApplicationImpl pooled thread 826] INFO  c.b.s.l.BrowserStackRunExtension - Agent path: null
02:30:04.753 [ApplicationImpl pooled thread 829] INFO  c.b.s.l.BrowserStackRunExtension - testng
02:30:04.753 [ApplicationImpl pooled thread 829] INFO  com.browserstack.sdk.utils.Helpers - true
02:30:04.754 [ApplicationImpl pooled thread 829] INFO  c.b.s.l.BrowserStackRunExtension - Agent path: null
02:31:51.555 [ApplicationImpl pooled thread 829] INFO  c.b.s.l.BrowserStackRunExtension - testng
02:31:51.556 [ApplicationImpl pooled thread 829] INFO  com.browserstack.sdk.utils.Helpers - true
02:31:51.556 [ApplicationImpl pooled thread 829] INFO  c.b.s.l.BrowserStackRunExtension - Agent path: null
02:32:20.796 [ApplicationImpl pooled thread 831] INFO  c.b.s.l.BrowserStackRunExtension - testng
02:32:20.796 [ApplicationImpl pooled thread 831] INFO  com.browserstack.sdk.utils.Helpers - true
02:32:20.797 [ApplicationImpl pooled thread 831] INFO  c.b.s.l.BrowserStackRunExtension - Agent path: null
03:12:54.283 [ApplicationImpl pooled thread 837] INFO  c.b.s.l.BrowserStackRunExtension - testng
03:12:54.284 [ApplicationImpl pooled thread 837] INFO  com.browserstack.sdk.utils.Helpers - true
03:12:54.284 [ApplicationImpl pooled thread 837] INFO  c.b.s.l.BrowserStackRunExtension - Agent path: null
03:13:27.808 [ApplicationImpl pooled thread 833] INFO  c.b.s.l.BrowserStackRunExtension - testng
03:13:27.808 [ApplicationImpl pooled thread 833] INFO  com.browserstack.sdk.utils.Helpers - true
03:13:27.808 [ApplicationImpl pooled thread 833] INFO  c.b.s.l.BrowserStackRunExtension - Agent path: null
03:13:48.664 [ApplicationImpl pooled thread 835] INFO  c.b.s.l.BrowserStackRunExtension - testng
03:13:48.664 [ApplicationImpl pooled thread 835] INFO  com.browserstack.sdk.utils.Helpers - true
03:13:48.664 [ApplicationImpl pooled thread 835] INFO  c.b.s.l.BrowserStackRunExtension - Agent path: null
03:20:11.137 [ApplicationImpl pooled thread 836] INFO  c.b.s.l.BrowserStackRunExtension - testng
03:20:11.137 [ApplicationImpl pooled thread 836] INFO  com.browserstack.sdk.utils.Helpers - true
03:20:11.138 [ApplicationImpl pooled thread 836] INFO  c.b.s.l.BrowserStackRunExtension - Agent path: null
03:26:32.587 [ApplicationImpl pooled thread 842] INFO  c.b.s.l.BrowserStackRunExtension - testng
03:26:32.588 [ApplicationImpl pooled thread 842] INFO  com.browserstack.sdk.utils.Helpers - true
03:26:32.588 [ApplicationImpl pooled thread 842] INFO  c.b.s.l.BrowserStackRunExtension - Agent path: null
03:51:31.756 [ApplicationImpl pooled thread 852] INFO  c.b.s.l.BrowserStackRunExtension - testng
03:51:31.756 [ApplicationImpl pooled thread 852] INFO  com.browserstack.sdk.utils.Helpers - true
03:51:31.757 [ApplicationImpl pooled thread 852] INFO  c.b.s.l.BrowserStackRunExtension - Agent path: null
03:51:59.988 [ApplicationImpl pooled thread 851] INFO  c.b.s.l.BrowserStackRunExtension - testng
03:51:59.988 [ApplicationImpl pooled thread 851] INFO  com.browserstack.sdk.utils.Helpers - true
03:51:59.988 [ApplicationImpl pooled thread 851] INFO  c.b.s.l.BrowserStackRunExtension - Agent path: null
12:35:15.688 [ApplicationImpl pooled thread 876] INFO  c.b.s.l.BrowserStackRunExtension - testng
12:35:15.688 [ApplicationImpl pooled thread 876] INFO  com.browserstack.sdk.utils.Helpers - true
12:35:15.689 [ApplicationImpl pooled thread 876] INFO  c.b.s.l.BrowserStackRunExtension - Agent path: null
12:35:54.913 [ApplicationImpl pooled thread 881] INFO  c.b.s.l.BrowserStackRunExtension - testng
12:35:54.914 [ApplicationImpl pooled thread 881] INFO  com.browserstack.sdk.utils.Helpers - true
12:35:54.914 [ApplicationImpl pooled thread 881] INFO  c.b.s.l.BrowserStackRunExtension - Agent path: null
00:21:47.628 [ApplicationImpl pooled thread 951] INFO  c.b.s.l.BrowserStackRunExtension - testng
00:21:47.629 [ApplicationImpl pooled thread 951] INFO  com.browserstack.sdk.utils.Helpers - true
00:21:47.629 [ApplicationImpl pooled thread 951] INFO  c.b.s.l.BrowserStackRunExtension - Agent path: null
00:22:17.187 [ApplicationImpl pooled thread 950] INFO  c.b.s.l.BrowserStackRunExtension - testng
00:22:17.188 [ApplicationImpl pooled thread 950] INFO  com.browserstack.sdk.utils.Helpers - true
00:22:17.188 [ApplicationImpl pooled thread 950] INFO  c.b.s.l.BrowserStackRunExtension - Agent path: null
00:22:51.293 [ApplicationImpl pooled thread 956] INFO  c.b.s.l.BrowserStackRunExtension - testng
00:22:51.293 [ApplicationImpl pooled thread 956] INFO  com.browserstack.sdk.utils.Helpers - true
00:22:51.294 [ApplicationImpl pooled thread 956] INFO  c.b.s.l.BrowserStackRunExtension - Agent path: null
00:23:27.393 [ApplicationImpl pooled thread 949] INFO  c.b.s.l.BrowserStackRunExtension - testng
00:23:27.393 [ApplicationImpl pooled thread 949] INFO  com.browserstack.sdk.utils.Helpers - true
00:23:27.394 [ApplicationImpl pooled thread 949] INFO  c.b.s.l.BrowserStackRunExtension - Agent path: null
00:23:48.792 [ApplicationImpl pooled thread 957] INFO  c.b.s.l.BrowserStackRunExtension - testng
00:23:48.792 [ApplicationImpl pooled thread 957] INFO  com.browserstack.sdk.utils.Helpers - true
00:23:48.792 [ApplicationImpl pooled thread 957] INFO  c.b.s.l.BrowserStackRunExtension - Agent path: null
03:19:51.965 [ApplicationImpl pooled thread 979] INFO  c.b.s.l.BrowserStackRunExtension - testng
03:19:51.965 [ApplicationImpl pooled thread 979] INFO  com.browserstack.sdk.utils.Helpers - true
03:19:51.966 [ApplicationImpl pooled thread 979] INFO  c.b.s.l.BrowserStackRunExtension - Agent path: null
03:23:13.973 [ApplicationImpl pooled thread 979] INFO  c.b.s.l.BrowserStackRunExtension - testng
03:23:13.973 [ApplicationImpl pooled thread 979] INFO  com.browserstack.sdk.utils.Helpers - true
03:23:13.974 [ApplicationImpl pooled thread 979] INFO  c.b.s.l.BrowserStackRunExtension - Agent path: null
03:24:43.142 [ApplicationImpl pooled thread 974] INFO  c.b.s.l.BrowserStackRunExtension - testng
03:24:43.142 [ApplicationImpl pooled thread 974] INFO  com.browserstack.sdk.utils.Helpers - true
03:24:43.142 [ApplicationImpl pooled thread 974] INFO  c.b.s.l.BrowserStackRunExtension - Agent path: null
03:25:25.216 [ApplicationImpl pooled thread 984] INFO  c.b.s.l.BrowserStackRunExtension - testng
03:25:25.217 [ApplicationImpl pooled thread 984] INFO  com.browserstack.sdk.utils.Helpers - true
03:25:25.217 [ApplicationImpl pooled thread 984] INFO  c.b.s.l.BrowserStackRunExtension - Agent path: null
03:55:36.706 [ApplicationImpl pooled thread 980] INFO  c.b.s.l.BrowserStackRunExtension - testng
03:55:36.706 [ApplicationImpl pooled thread 980] INFO  com.browserstack.sdk.utils.Helpers - true
03:55:36.706 [ApplicationImpl pooled thread 980] INFO  c.b.s.l.BrowserStackRunExtension - Agent path: null
03:57:02.460 [ApplicationImpl pooled thread 990] INFO  c.b.s.l.BrowserStackRunExtension - testng
03:57:02.460 [ApplicationImpl pooled thread 990] INFO  com.browserstack.sdk.utils.Helpers - true
03:57:02.461 [ApplicationImpl pooled thread 990] INFO  c.b.s.l.BrowserStackRunExtension - Agent path: null
